# JRE version: OpenJDK Runtime Environment Zulu21.34+19-CA (21.0.3+9) (build 21.0.3+9-LTS)
# Java VM: OpenJDK 64-Bit Server VM Zulu21.34+19-CA (21.0.3+9-LTS, mixed mode, sharing, tiered, compressed oops, compressed class ptrs, g1 gc, windows-amd64)
GC Precious Log:
 CardTable entry size: 512
 Card Set container configuration: InlinePtr #cards 4 size 8 Array Of Cards #cards 16 size 48 Howl #buckets 8 coarsen threshold 3686 Howl Bitmap #cards 512 size 80 coarsen threshold 460 Card regions per heap region 1 cards per card region 4096
 CPUs: 12 total, 12 available
 Memory: 32361M
 Large Page Support: Disabled
 NUMA Support: Disabled
 Compressed Oops: Enabled (Zero based)
 Heap Region Size: 2M
 Heap Min Capacity: 8M
 Heap Initial Capacity: 506M
 Heap Max Capacity: 4G
 Pre-touch: Disabled
 Parallel Workers: 10
 Concurrent Workers: 3
 Concurrent Refinement Workers: 10
 Periodic GC: Disabled
Heap:
 garbage-first heap   total 292864K, used 214043K [0x0000000700000000, 0x0000000800000000)
  region size 2048K, 31 young (63488K), 7 survivors (14336K)
 Metaspace       used 138069K, committed 140288K, reserved 1179648K
  class space    used 17464K, committed 18560K, reserved 1048576K
GC Heap History (20 events):
Event: 7.082 GC heap before
{Heap before GC invocations=22 (full 0):
 garbage-first heap   total 198656K, used 174198K [0x0000000700000000, 0x0000000800000000)
  region size 2048K, 42 young (86016K), 4 survivors (8192K)
 Metaspace       used 112279K, committed 114048K, reserved 1179648K
  class space    used 14225K, committed 15104K, reserved 1048576K
}
Event: 7.088 GC heap after
{Heap after GC invocations=23 (full 0):
 garbage-first heap   total 202752K, used 114688K [0x0000000700000000, 0x0000000800000000)
  region size 2048K, 6 young (12288K), 6 survivors (12288K)
 Metaspace       used 112279K, committed 114048K, reserved 1179648K
  class space    used 14225K, committed 15104K, reserved 1048576K
}
Event: 7.234 GC heap before
{Heap before GC invocations=23 (full 0):
 garbage-first heap   total 202752K, used 174080K [0x0000000700000000, 0x0000000800000000)
  region size 2048K, 35 young (71680K), 6 survivors (12288K)
 Metaspace       used 112878K, committed 114688K, reserved 1179648K
  class space    used 14253K, committed 15168K, reserved 1048576K
}
Event: 7.241 GC heap after
{Heap after GC invocations=24 (full 0):
 garbage-first heap   total 208896K, used 135401K [0x0000000700000000, 0x0000000800000000)
  region size 2048K, 5 young (10240K), 5 survivors (10240K)
 Metaspace       used 112878K, committed 114688K, reserved 1179648K
  class space    used 14253K, committed 15168K, reserved 1048576K
}
Event: 7.607 GC heap before
{Heap before GC invocations=25 (full 0):
 garbage-first heap   total 243712K, used 176361K [0x0000000700000000, 0x0000000800000000)
  region size 2048K, 25 young (51200K), 5 survivors (10240K)
 Metaspace       used 116064K, committed 117952K, reserved 1179648K
  class space    used 14735K, committed 15680K, reserved 1048576K
}
Event: 7.611 GC heap after
{Heap after GC invocations=26 (full 0):
 garbage-first heap   total 243712K, used 143929K [0x0000000700000000, 0x0000000800000000)
  region size 2048K, 4 young (8192K), 4 survivors (8192K)
 Metaspace       used 116064K, committed 117952K, reserved 1179648K
  class space    used 14735K, committed 15680K, reserved 1048576K
}
Event: 7.941 GC heap before
{Heap before GC invocations=26 (full 0):
 garbage-first heap   total 243712K, used 201273K [0x0000000700000000, 0x0000000800000000)
  region size 2048K, 33 young (67584K), 4 survivors (8192K)
 Metaspace       used 117390K, committed 119296K, reserved 1179648K
  class space    used 14833K, committed 15808K, reserved 1048576K
}
Event: 7.946 GC heap after
{Heap after GC invocations=27 (full 0):
 garbage-first heap   total 243712K, used 151815K [0x0000000700000000, 0x0000000800000000)
  region size 2048K, 5 young (10240K), 5 survivors (10240K)
 Metaspace       used 117390K, committed 119296K, reserved 1179648K
  class space    used 14833K, committed 15808K, reserved 1048576K
}
Event: 8.255 GC heap before
{Heap before GC invocations=27 (full 0):
 garbage-first heap   total 243712K, used 198919K [0x0000000700000000, 0x0000000800000000)
  region size 2048K, 29 young (59392K), 5 survivors (10240K)
 Metaspace       used 120656K, committed 122688K, reserved 1179648K
  class space    used 15366K, committed 16384K, reserved 1048576K
}
Event: 8.258 GC heap after
{Heap after GC invocations=28 (full 0):
 garbage-first heap   total 292864K, used 155697K [0x0000000700000000, 0x0000000800000000)
  region size 2048K, 4 young (8192K), 4 survivors (8192K)
 Metaspace       used 120656K, committed 122688K, reserved 1179648K
  class space    used 15366K, committed 16384K, reserved 1048576K
}
Event: 8.261 GC heap before
{Heap before GC invocations=28 (full 0):
 garbage-first heap   total 292864K, used 157745K [0x0000000700000000, 0x0000000800000000)
  region size 2048K, 5 young (10240K), 4 survivors (8192K)
 Metaspace       used 120656K, committed 122688K, reserved 1179648K
  class space    used 15366K, committed 16384K, reserved 1048576K
}
Event: 8.263 GC heap after
{Heap after GC invocations=29 (full 0):
 garbage-first heap   total 292864K, used 157446K [0x0000000700000000, 0x0000000800000000)
  region size 2048K, 3 young (6144K), 3 survivors (6144K)
 Metaspace       used 120656K, committed 122688K, reserved 1179648K
  class space    used 15366K, committed 16384K, reserved 1048576K
}
Event: 8.902 GC heap before
{Heap before GC invocations=30 (full 0):
 garbage-first heap   total 292864K, used 216838K [0x0000000700000000, 0x0000000800000000)
  region size 2048K, 49 young (100352K), 3 survivors (6144K)
 Metaspace       used 129072K, committed 131200K, reserved 1179648K
  class space    used 16487K, committed 17536K, reserved 1048576K
}
Event: 8.906 GC heap after
{Heap after GC invocations=31 (full 0):
 garbage-first heap   total 292864K, used 127810K [0x0000000700000000, 0x0000000800000000)
  region size 2048K, 6 young (12288K), 6 survivors (12288K)
 Metaspace       used 129072K, committed 131200K, reserved 1179648K
  class space    used 16487K, committed 17536K, reserved 1048576K
}
Event: 9.173 GC heap before
{Heap before GC invocations=31 (full 0):
 garbage-first heap   total 292864K, used 240450K [0x0000000700000000, 0x0000000800000000)
  region size 2048K, 61 young (124928K), 6 survivors (12288K)
 Metaspace       used 130521K, committed 132608K, reserved 1179648K
  class space    used 16665K, committed 17728K, reserved 1048576K
}
Event: 9.183 GC heap after
{Heap after GC invocations=32 (full 0):
 garbage-first heap   total 292864K, used 131434K [0x0000000700000000, 0x0000000800000000)
  region size 2048K, 8 young (16384K), 8 survivors (16384K)
 Metaspace       used 130521K, committed 132608K, reserved 1179648K
  class space    used 16665K, committed 17728K, reserved 1048576K
}
Event: 9.762 GC heap before
{Heap before GC invocations=32 (full 0):
 garbage-first heap   total 292864K, used 229738K [0x0000000700000000, 0x0000000800000000)
  region size 2048K, 56 young (114688K), 8 survivors (16384K)
 Metaspace       used 132759K, committed 134912K, reserved 1179648K
  class space    used 16815K, committed 17856K, reserved 1048576K
}
Event: 9.772 GC heap after
{Heap after GC invocations=33 (full 0):
 garbage-first heap   total 292864K, used 147456K [0x0000000700000000, 0x0000000800000000)
  region size 2048K, 7 young (14336K), 7 survivors (14336K)
 Metaspace       used 132759K, committed 134912K, reserved 1179648K
  class space    used 16815K, committed 17856K, reserved 1048576K
}
Event: 10.372 GC heap before
{Heap before GC invocations=33 (full 0):
 garbage-first heap   total 292864K, used 235520K [0x0000000700000000, 0x0000000800000000)
  region size 2048K, 50 young (102400K), 7 survivors (14336K)
 Metaspace       used 138039K, committed 140224K, reserved 1179648K
  class space    used 17464K, committed 18560K, reserved 1048576K
}
Event: 10.379 GC heap after
{Heap after GC invocations=34 (full 0):
 garbage-first heap   total 292864K, used 166939K [0x0000000700000000, 0x0000000800000000)
  region size 2048K, 7 young (14336K), 7 survivors (14336K)
 Metaspace       used 138039K, committed 140224K, reserved 1179648K
  class space    used 17464K, committed 18560K, reserved 1048576K
}

