# JRE version: OpenJDK Runtime Environment Zulu21.34+19-CA (21.0.3+9) (build 21.0.3+9-LTS)
# Java VM: OpenJDK 64-Bit Server VM Zulu21.34+19-CA (21.0.3+9-LTS, mixed mode, sharing, tiered, compressed oops, compressed class ptrs, g1 gc, windows-amd64)
GC Precious Log:
 CardTable entry size: 512
 Card Set container configuration: InlinePtr #cards 4 size 8 Array Of Cards #cards 16 size 48 Howl #buckets 8 coarsen threshold 3686 Howl Bitmap #cards 512 size 80 coarsen threshold 460 Card regions per heap region 1 cards per card region 4096
 CPUs: 12 total, 12 available
 Memory: 32361M
 Large Page Support: Disabled
 NUMA Support: Disabled
 Compressed Oops: Enabled (Zero based)
 Heap Region Size: 2M
 Heap Min Capacity: 8M
 Heap Initial Capacity: 506M
 Heap Max Capacity: 4G
 Pre-touch: Disabled
 Parallel Workers: 10
 Concurrent Workers: 3
 Concurrent Refinement Workers: 10
 Periodic GC: Disabled
Heap:
 garbage-first heap   total 305152K, used 112324K [0x00000004d5400000, 0x00000005d5400000)
  region size 2048K, 42 young (86016K), 3 survivors (6144K)
 Metaspace       used 51819K, committed 53568K, reserved 1114112K
  class space    used 7384K, committed 8256K, reserved 1048576K
GC Heap History (18 events):
Event: 0.169 GC heap before
{Heap before GC invocations=0 (full 0):
 garbage-first heap   total 518144K, used 24576K [0x00000004d5400000, 0x00000005d5400000)
  region size 2048K, 12 young (24576K), 0 survivors (0K)
 Metaspace       used 896K, committed 1024K, reserved 1114112K
  class space    used 70K, committed 128K, reserved 1048576K
}
Event: 0.170 GC heap after
{Heap after GC invocations=1 (full 0):
 garbage-first heap   total 518144K, used 1610K [0x00000004d5400000, 0x00000005d5400000)
  region size 2048K, 1 young (2048K), 1 survivors (2048K)
 Metaspace       used 896K, committed 1024K, reserved 1114112K
  class space    used 70K, committed 128K, reserved 1048576K
}
Event: 0.514 GC heap before
{Heap before GC invocations=1 (full 0):
 garbage-first heap   total 518144K, used 50762K [0x00000004d5400000, 0x00000005d5400000)
  region size 2048K, 24 young (49152K), 1 survivors (2048K)
 Metaspace       used 4694K, committed 4928K, reserved 1114112K
  class space    used 574K, committed 704K, reserved 1048576K
}
Event: 0.515 GC heap after
{Heap after GC invocations=2 (full 0):
 garbage-first heap   total 518144K, used 11664K [0x00000004d5400000, 0x00000005d5400000)
  region size 2048K, 3 young (6144K), 3 survivors (6144K)
 Metaspace       used 4694K, committed 4928K, reserved 1114112K
  class space    used 574K, committed 704K, reserved 1048576K
}
Event: 1.014 GC heap before
{Heap before GC invocations=2 (full 0):
 garbage-first heap   total 518144K, used 73104K [0x00000004d5400000, 0x00000005d5400000)
  region size 2048K, 34 young (69632K), 3 survivors (6144K)
 Metaspace       used 10789K, committed 11136K, reserved 1114112K
  class space    used 1371K, committed 1536K, reserved 1048576K
}
Event: 1.017 GC heap after
{Heap after GC invocations=3 (full 0):
 garbage-first heap   total 518144K, used 20318K [0x00000004d5400000, 0x00000005d5400000)
  region size 2048K, 5 young (10240K), 5 survivors (10240K)
 Metaspace       used 10789K, committed 11136K, reserved 1114112K
  class space    used 1371K, committed 1536K, reserved 1048576K
}
Event: 1.534 GC heap before
{Heap before GC invocations=3 (full 0):
 garbage-first heap   total 518144K, used 83806K [0x00000004d5400000, 0x00000005d5400000)
  region size 2048K, 38 young (77824K), 5 survivors (10240K)
 Metaspace       used 20947K, committed 21504K, reserved 1114112K
  class space    used 2755K, committed 3008K, reserved 1048576K
}
Event: 1.536 GC heap after
{Heap after GC invocations=4 (full 0):
 garbage-first heap   total 518144K, used 23601K [0x00000004d5400000, 0x00000005d5400000)
  region size 2048K, 6 young (12288K), 6 survivors (12288K)
 Metaspace       used 20947K, committed 21504K, reserved 1114112K
  class space    used 2755K, committed 3008K, reserved 1048576K
}
Event: 1.816 GC heap before
{Heap before GC invocations=5 (full 0):
 garbage-first heap   total 90112K, used 62513K [0x00000004d5400000, 0x00000005d5400000)
  region size 2048K, 26 young (53248K), 6 survivors (12288K)
 Metaspace       used 25963K, committed 26816K, reserved 1114112K
  class space    used 3563K, committed 3968K, reserved 1048576K
}
Event: 1.819 GC heap after
{Heap after GC invocations=6 (full 0):
 garbage-first heap   total 90112K, used 26434K [0x00000004d5400000, 0x00000005d5400000)
  region size 2048K, 4 young (8192K), 4 survivors (8192K)
 Metaspace       used 25963K, committed 26816K, reserved 1114112K
  class space    used 3563K, committed 3968K, reserved 1048576K
}
Event: 2.138 GC heap before
{Heap before GC invocations=6 (full 0):
 garbage-first heap   total 90112K, used 71490K [0x00000004d5400000, 0x00000005d5400000)
  region size 2048K, 26 young (53248K), 4 survivors (8192K)
 Metaspace       used 31599K, committed 32832K, reserved 1114112K
  class space    used 4471K, committed 5120K, reserved 1048576K
}
Event: 2.141 GC heap after
{Heap after GC invocations=7 (full 0):
 garbage-first heap   total 90112K, used 28299K [0x00000004d5400000, 0x00000005d5400000)
  region size 2048K, 3 young (6144K), 3 survivors (6144K)
 Metaspace       used 31599K, committed 32832K, reserved 1114112K
  class space    used 4471K, committed 5120K, reserved 1048576K
}
Event: 2.257 GC heap before
{Heap before GC invocations=7 (full 0):
 garbage-first heap   total 90112K, used 42635K [0x00000004d5400000, 0x00000005d5400000)
  region size 2048K, 12 young (24576K), 3 survivors (6144K)
 Metaspace       used 34623K, committed 35968K, reserved 1114112K
  class space    used 4787K, committed 5504K, reserved 1048576K
}
Event: 2.258 GC heap after
{Heap after GC invocations=8 (full 0):
 garbage-first heap   total 90112K, used 29697K [0x00000004d5400000, 0x00000005d5400000)
  region size 2048K, 2 young (4096K), 2 survivors (4096K)
 Metaspace       used 34623K, committed 35968K, reserved 1114112K
  class space    used 4787K, committed 5504K, reserved 1048576K
}
Event: 2.438 GC heap before
{Heap before GC invocations=9 (full 0):
 garbage-first heap   total 90112K, used 72705K [0x00000004d5400000, 0x00000005d5400000)
  region size 2048K, 24 young (49152K), 2 survivors (4096K)
 Metaspace       used 37361K, committed 38784K, reserved 1114112K
  class space    used 5179K, committed 5888K, reserved 1048576K
}
Event: 2.440 GC heap after
{Heap after GC invocations=10 (full 0):
 garbage-first heap   total 90112K, used 32255K [0x00000004d5400000, 0x00000005d5400000)
  region size 2048K, 2 young (4096K), 2 survivors (4096K)
 Metaspace       used 37361K, committed 38784K, reserved 1114112K
  class space    used 5179K, committed 5888K, reserved 1048576K
}
Event: 2.806 GC heap before
{Heap before GC invocations=10 (full 0):
 garbage-first heap   total 90112K, used 77311K [0x00000004d5400000, 0x00000005d5400000)
  region size 2048K, 24 young (49152K), 2 survivors (4096K)
 Metaspace       used 42691K, committed 44288K, reserved 1114112K
  class space    used 6030K, committed 6848K, reserved 1048576K
}
Event: 2.809 GC heap after
{Heap after GC invocations=11 (full 0):
 garbage-first heap   total 305152K, used 34500K [0x00000004d5400000, 0x00000005d5400000)
  region size 2048K, 3 young (6144K), 3 survivors (6144K)
 Metaspace       used 42691K, committed 44288K, reserved 1114112K
  class space    used 6030K, committed 6848K, reserved 1048576K
}

